<?xml version="1.0" encoding="UTF-8"?>
<!-- Generated by org.testng.reporters.JUnitReportReporter -->
<testsuite hostname="MacBook-Air-Viktoria.local" failures="0" tests="1" name="Lesson_7.EqualsTest" time="0.000" errors="0" timestamp="2025-10-23T14:58:52 MSK" skipped="0">
  <testcase classname="Lesson_7.EqualsTest" name="equals_cases" time="0.000"/>
</testsuite> <!-- Lesson_7.EqualsTest -->
