<?xml version="1.0" encoding="UTF-8"?>
<!-- Generated by org.testng.reporters.JUnitReportReporter -->
<testsuite hostname="MacBook-Air-Viktoria.local" failures="0" tests="3" name="Lesson_7.AreaTriangleTest" time="0.001" errors="0" timestamp="2025-10-23T14:58:52 MSK" skipped="0">
  <testcase classname="Lesson_7.AreaTriangleTest" name="area_valid_triangle" time="0.000"/>
  <testcase classname="Lesson_7.AreaTriangleTest" name="area_throws_on_zero_side" time="0.000"/>
  <testcase classname="Lesson_7.AreaTriangleTest" name="area_throws_on_triangle_inequality" time="0.001"/>
</testsuite> <!-- Lesson_7.AreaTriangleTest -->
